<?xml version="1.0" encoding="UTF-8"?>
<testsuite xmlns:xsi="http://www.w3.org/2001/XMLSchema-instance" xsi:noNamespaceSchemaLocation="https://maven.apache.org/surefire/maven-surefire-plugin/xsd/surefire-test-report-3.0.xsd" version="3.0" name="com.collectibles.item.ItemServiceTest" time="0.502" tests="7" errors="0" skipped="0" failures="0">
  <properties>
[...]
</properties>
  <testcase name="testUpdatePriceNonExistentItem" classname="com.collectibles.item.ItemServiceTest" time="0.363"/>
  <testcase name="testGetAllItemsNoFilters" classname="com.collectibles.item.ItemServiceTest" time="0.015"/>
  <testcase name="testUpdateItemPrice" classname="com.collectibles.item.ItemServiceTest" time="0.012"/>
  <testcase name="testGetAllItemsWithMaxPrice" classname="com.collectibles.item.ItemServiceTest" time="0.005"/>
  <testcase name="testGetAllItemsWithRange" classname="com.collectibles.item.ItemServiceTest" time="0.005"/>
  <testcase name="testGetItemsNoMatches" classname="com.collectibles.item.ItemServiceTest" time="0.01"/>
  <testcase name="testGetAllItemsWithMinPrice" classname="com.collectibles.item.ItemServiceTest" time="0.006"/>
</testsuite>