<?xml version="1.0" encoding="UTF-8"?>
<coverage generated="1762835668517" clover="3.2.0">
  <project timestamp="1762835668517" name="All files">
    <metrics statements="68" coveredstatements="68" conditionals="44" coveredconditionals="31" methods="14" coveredmethods="12" elements="126" coveredelements="111" complexity="0" loc="68" ncloc="68" packages="1" files="1" classes="1"/>
    <file name="item-detail-app.js" path="C:\Users\DELL\Documents\challenge-6\src\main\resources\public\js\item-detail-app.js">
      <metrics statements="68" coveredstatements="68" conditionals="44" coveredconditionals="31" methods="14" coveredmethods="12"/>
      <line num="13" count="14" type="cond" truecount="2" falsecount="0"/>
      <line num="14" count="1" type="cond" truecount="1" falsecount="1"/>
      <line num="16" count="14" type="stmt"/>
      <line num="28" count="2" type="stmt"/>
      <line num="29" count="2" type="stmt"/>
      <line num="30" count="2" type="stmt"/>
      <line num="31" count="2" type="stmt"/>
      <line num="33" count="2" type="cond" truecount="2" falsecount="0"/>
      <line num="34" count="1" type="cond" truecount="1" falsecount="1"/>
      <line num="35" count="1" type="stmt"/>
      <line num="38" count="1" type="stmt"/>
      <line num="39" count="1" type="stmt"/>
      <line num="47" count="4" type="stmt"/>
      <line num="48" count="4" type="stmt"/>
      <line num="53" count="3" type="cond" truecount="2" falsecount="0"/>
      <line num="54" count="1" type="stmt"/>
      <line num="56" count="2" type="cond" truecount="2" falsecount="0"/>
      <line num="57" count="1" type="stmt"/>
      <line num="60" count="1" type="stmt"/>
      <line num="61" count="1" type="stmt"/>
      <line num="63" count="1" type="stmt"/>
      <line num="66" count="3" type="stmt"/>
      <line num="67" count="3" type="stmt"/>
      <line num="68" count="3" type="cond" truecount="1" falsecount="1"/>
      <line num="77" count="5" type="cond" truecount="1" falsecount="1"/>
      <line num="78" count="5" type="stmt"/>
      <line num="80" count="5" type="stmt"/>
      <line num="81" count="5" type="stmt"/>
      <line num="82" count="5" type="stmt"/>
      <line num="84" count="5" type="stmt"/>
      <line num="85" count="2" type="stmt"/>
      <line num="87" count="2" type="cond" truecount="4" falsecount="0"/>
      <line num="88" count="1" type="stmt"/>
      <line num="89" count="1" type="stmt"/>
      <line num="90" count="1" type="cond" truecount="1" falsecount="1"/>
      <line num="92" count="1" type="stmt"/>
      <line num="96" count="5" type="stmt"/>
      <line num="103" count="5" type="stmt"/>
      <line num="104" count="5" type="stmt"/>
      <line num="106" count="5" type="cond" truecount="1" falsecount="1"/>
      <line num="108" count="5" type="stmt"/>
      <line num="130" count="5" type="cond" truecount="1" falsecount="1"/>
      <line num="131" count="5" type="stmt"/>
      <line num="139" count="5" type="stmt"/>
      <line num="166" count="9" type="cond" truecount="4" falsecount="0"/>
      <line num="167" count="2" type="stmt"/>
      <line num="170" count="8" type="stmt"/>
      <line num="183" count="8" type="stmt"/>
      <line num="184" count="8" type="cond" truecount="1" falsecount="1"/>
      <line num="186" count="8" type="stmt"/>
      <line num="187" count="3" type="stmt"/>
      <line num="189" count="3" type="stmt"/>
      <line num="190" count="3" type="cond" truecount="1" falsecount="1"/>
      <line num="192" count="3" type="stmt"/>
      <line num="193" count="3" type="stmt"/>
      <line num="198" count="2" type="cond" truecount="2" falsecount="0"/>
      <line num="199" count="1" type="stmt"/>
      <line num="200" count="1" type="cond" truecount="1" falsecount="1"/>
      <line num="203" count="1" type="stmt"/>
      <line num="204" count="1" type="cond" truecount="1" falsecount="1"/>
      <line num="205" count="1" type="stmt"/>
      <line num="208" count="1" type="stmt"/>
      <line num="209" count="1" type="stmt"/>
      <line num="211" count="1" type="stmt"/>
      <line num="212" count="1" type="cond" truecount="1" falsecount="1"/>
      <line num="215" count="2" type="cond" truecount="1" falsecount="1"/>
      <line num="216" count="2" type="stmt"/>
      <line num="217" count="2" type="stmt"/>
    </file>
  </project>
</coverage>
