{"C:\\Users\\DELL\\Documents\\challenge-6\\src\\main\\resources\\public\\js\\item-detail-app.js": {"path":"C:\\Users\\DELL\\Documents\\challenge-6\\src\\main\\resources\\public\\js\\item-detail-app.js","statementMap":{"0":{"start":{"line":13,"column":4},"end":{"line":15,"column":5}},"1":{"start":{"line":14,"column":8},"end":{"line":14,"column":41}},"2":{"start":{"line":16,"column":4},"end":{"line":21,"column":22}},"3":{"start":{"line":28,"column":4},"end":{"line":28,"column":48}},"4":{"start":{"line":29,"column":25},"end":{"line":29,"column":65}},"5":{"start":{"line":30,"column":22},"end":{"line":30,"column":65}},"6":{"start":{"line":31,"column":26},"end":{"line":31,"column":45}},"7":{"start":{"line":33,"column":4},"end":{"line":36,"column":5}},"8":{"start":{"line":34,"column":8},"end":{"line":34,"column":89}},"9":{"start":{"line":34,"column":25},"end":{"line":34,"column":89}},"10":{"start":{"line":35,"column":8},"end":{"line":35,"column":15}},"11":{"start":{"line":38,"column":4},"end":{"line":38,"column":32}},"12":{"start":{"line":39,"column":4},"end":{"line":39,"column":36}},"13":{"start":{"line":47,"column":4},"end":{"line":69,"column":5}},"14":{"start":{"line":48,"column":37},"end":{"line":51,"column":10}},"15":{"start":{"line":53,"column":8},"end":{"line":55,"column":9}},"16":{"start":{"line":54,"column":12},"end":{"line":54,"column":79}},"17":{"start":{"line":56,"column":8},"end":{"line":58,"column":9}},"18":{"start":{"line":57,"column":12},"end":{"line":57,"column":83}},"19":{"start":{"line":60,"column":21},"end":{"line":60,"column":41}},"20":{"start":{"line":61,"column":23},"end":{"line":61,"column":45}},"21":{"start":{"line":63,"column":8},"end":{"line":63,"column":33}},"22":{"start":{"line":66,"column":8},"end":{"line":66,"column":58}},"23":{"start":{"line":67,"column":29},"end":{"line":67,"column":69}},"24":{"start":{"line":68,"column":8},"end":{"line":68,"column":85}},"25":{"start":{"line":68,"column":25},"end":{"line":68,"column":85}},"26":{"start":{"line":77,"column":21},"end":{"line":77,"column":72}},"27":{"start":{"line":78,"column":19},"end":{"line":78,"column":90}},"28":{"start":{"line":80,"column":4},"end":{"line":80,"column":77}},"29":{"start":{"line":80,"column":26},"end":{"line":80,"column":76}},"30":{"start":{"line":81,"column":4},"end":{"line":81,"column":73}},"31":{"start":{"line":81,"column":27},"end":{"line":81,"column":72}},"32":{"start":{"line":82,"column":4},"end":{"line":82,"column":71}},"33":{"start":{"line":82,"column":30},"end":{"line":82,"column":70}},"34":{"start":{"line":84,"column":4},"end":{"line":95,"column":6}},"35":{"start":{"line":85,"column":24},"end":{"line":85,"column":46}},"36":{"start":{"line":87,"column":8},"end":{"line":94,"column":9}},"37":{"start":{"line":88,"column":12},"end":{"line":88,"column":71}},"38":{"start":{"line":89,"column":28},"end":{"line":89,"column":68}},"39":{"start":{"line":90,"column":12},"end":{"line":93,"column":13}},"40":{"start":{"line":92,"column":16},"end":{"line":92,"column":71}},"41":{"start":{"line":96,"column":4},"end":{"line":96,"column":18}},"42":{"start":{"line":103,"column":24},"end":{"line":103,"column":67}},"43":{"start":{"line":104,"column":25},"end":{"line":104,"column":65}},"44":{"start":{"line":106,"column":4},"end":{"line":106,"column":57}},"45":{"start":{"line":106,"column":21},"end":{"line":106,"column":57}},"46":{"start":{"line":108,"column":17},"end":{"line":128,"column":5}},"47":{"start":{"line":130,"column":4},"end":{"line":130,"column":52}},"48":{"start":{"line":130,"column":22},"end":{"line":130,"column":52}},"49":{"start":{"line":131,"column":4},"end":{"line":131,"column":32}},"50":{"start":{"line":139,"column":4},"end":{"line":159,"column":6}},"51":{"start":{"line":166,"column":4},"end":{"line":168,"column":5}},"52":{"start":{"line":167,"column":8},"end":{"line":167,"column":86}},"53":{"start":{"line":170,"column":4},"end":{"line":176,"column":16}},"54":{"start":{"line":170,"column":31},"end":{"line":176,"column":5}},"55":{"start":{"line":183,"column":17},"end":{"line":183,"column":54}},"56":{"start":{"line":184,"column":4},"end":{"line":184,"column":22}},"57":{"start":{"line":184,"column":15},"end":{"line":184,"column":22}},"58":{"start":{"line":186,"column":4},"end":{"line":220,"column":7}},"59":{"start":{"line":187,"column":8},"end":{"line":187,"column":27}},"60":{"start":{"line":189,"column":28},"end":{"line":189,"column":67}},"61":{"start":{"line":190,"column":8},"end":{"line":190,"column":67}},"62":{"start":{"line":190,"column":25},"end":{"line":190,"column":67}},"63":{"start":{"line":192,"column":8},"end":{"line":219,"column":9}},"64":{"start":{"line":193,"column":29},"end":{"line":196,"column":14}},"65":{"start":{"line":198,"column":12},"end":{"line":201,"column":13}},"66":{"start":{"line":199,"column":32},"end":{"line":199,"column":53}},"67":{"start":{"line":200,"column":16},"end":{"line":200,"column":70}},"68":{"start":{"line":203,"column":27},"end":{"line":203,"column":48}},"69":{"start":{"line":204,"column":12},"end":{"line":204,"column":87}},"70":{"start":{"line":204,"column":29},"end":{"line":204,"column":87}},"71":{"start":{"line":205,"column":12},"end":{"line":205,"column":25}},"72":{"start":{"line":208,"column":30},"end":{"line":208,"column":66}},"73":{"start":{"line":209,"column":27},"end":{"line":209,"column":49}},"74":{"start":{"line":211,"column":36},"end":{"line":211,"column":79}},"75":{"start":{"line":212,"column":12},"end":{"line":212,"column":85}},"76":{"start":{"line":212,"column":33},"end":{"line":212,"column":85}},"77":{"start":{"line":215,"column":12},"end":{"line":218,"column":13}},"78":{"start":{"line":216,"column":16},"end":{"line":216,"column":68}},"79":{"start":{"line":217,"column":16},"end":{"line":217,"column":52}}},"fnMap":{"0":{"name":"formatCurrency","decl":{"start":{"line":12,"column":9},"end":{"line":12,"column":23}},"loc":{"start":{"line":12,"column":32},"end":{"line":22,"column":1}},"line":12},"1":{"name":"init","decl":{"start":{"line":27,"column":16},"end":{"line":27,"column":20}},"loc":{"start":{"line":27,"column":23},"end":{"line":40,"column":1}},"line":27},"2":{"name":"loadItemData","decl":{"start":{"line":46,"column":22},"end":{"line":46,"column":34}},"loc":{"start":{"line":46,"column":43},"end":{"line":70,"column":1}},"line":46},"3":{"name":"connectWebSocket","decl":{"start":{"line":76,"column":16},"end":{"line":76,"column":32}},"loc":{"start":{"line":76,"column":41},"end":{"line":97,"column":1}},"line":76},"4":{"name":"(anonymous_4)","decl":{"start":{"line":80,"column":20},"end":{"line":80,"column":21}},"loc":{"start":{"line":80,"column":26},"end":{"line":80,"column":76}},"line":80},"5":{"name":"(anonymous_5)","decl":{"start":{"line":81,"column":21},"end":{"line":81,"column":22}},"loc":{"start":{"line":81,"column":27},"end":{"line":81,"column":72}},"line":81},"6":{"name":"(anonymous_6)","decl":{"start":{"line":82,"column":21},"end":{"line":82,"column":22}},"loc":{"start":{"line":82,"column":30},"end":{"line":82,"column":70}},"line":82},"7":{"name":"(anonymous_7)","decl":{"start":{"line":84,"column":23},"end":{"line":84,"column":24}},"loc":{"start":{"line":84,"column":34},"end":{"line":95,"column":5}},"line":84},"8":{"name":"renderPage","decl":{"start":{"line":102,"column":16},"end":{"line":102,"column":26}},"loc":{"start":{"line":102,"column":41},"end":{"line":132,"column":1}},"line":102},"9":{"name":"renderOfferForm","decl":{"start":{"line":137,"column":16},"end":{"line":137,"column":31}},"loc":{"start":{"line":137,"column":40},"end":{"line":160,"column":1}},"line":137},"10":{"name":"renderOfferList","decl":{"start":{"line":165,"column":16},"end":{"line":165,"column":31}},"loc":{"start":{"line":165,"column":40},"end":{"line":177,"column":1}},"line":165},"11":{"name":"(anonymous_11)","decl":{"start":{"line":170,"column":22},"end":{"line":170,"column":23}},"loc":{"start":{"line":170,"column":31},"end":{"line":176,"column":5}},"line":170},"12":{"name":"attachFormListener","decl":{"start":{"line":182,"column":16},"end":{"line":182,"column":34}},"loc":{"start":{"line":182,"column":43},"end":{"line":221,"column":1}},"line":182},"13":{"name":"(anonymous_13)","decl":{"start":{"line":186,"column":36},"end":{"line":186,"column":37}},"loc":{"start":{"line":186,"column":49},"end":{"line":220,"column":5}},"line":186}},"branchMap":{"0":{"loc":{"start":{"line":13,"column":4},"end":{"line":15,"column":5}},"type":"if","locations":[{"start":{"line":13,"column":4},"end":{"line":15,"column":5}},{"start":{},"end":{}}],"line":13},"1":{"loc":{"start":{"line":14,"column":17},"end":{"line":14,"column":40}},"type":"binary-expr","locations":[{"start":{"line":14,"column":17},"end":{"line":14,"column":35}},{"start":{"line":14,"column":39},"end":{"line":14,"column":40}}],"line":14},"2":{"loc":{"start":{"line":33,"column":4},"end":{"line":36,"column":5}},"type":"if","locations":[{"start":{"line":33,"column":4},"end":{"line":36,"column":5}},{"start":{},"end":{}}],"line":33},"3":{"loc":{"start":{"line":34,"column":8},"end":{"line":34,"column":89}},"type":"if","locations":[{"start":{"line":34,"column":8},"end":{"line":34,"column":89}},{"start":{},"end":{}}],"line":34},"4":{"loc":{"start":{"line":53,"column":8},"end":{"line":55,"column":9}},"type":"if","locations":[{"start":{"line":53,"column":8},"end":{"line":55,"column":9}},{"start":{},"end":{}}],"line":53},"5":{"loc":{"start":{"line":56,"column":8},"end":{"line":58,"column":9}},"type":"if","locations":[{"start":{"line":56,"column":8},"end":{"line":58,"column":9}},{"start":{},"end":{}}],"line":56},"6":{"loc":{"start":{"line":68,"column":8},"end":{"line":68,"column":85}},"type":"if","locations":[{"start":{"line":68,"column":8},"end":{"line":68,"column":85}},{"start":{},"end":{}}],"line":68},"7":{"loc":{"start":{"line":77,"column":21},"end":{"line":77,"column":72}},"type":"cond-expr","locations":[{"start":{"line":77,"column":60},"end":{"line":77,"column":65}},{"start":{"line":77,"column":68},"end":{"line":77,"column":72}}],"line":77},"8":{"loc":{"start":{"line":87,"column":8},"end":{"line":94,"column":9}},"type":"if","locations":[{"start":{"line":87,"column":8},"end":{"line":94,"column":9}},{"start":{},"end":{}}],"line":87},"9":{"loc":{"start":{"line":87,"column":12},"end":{"line":87,"column":72}},"type":"binary-expr","locations":[{"start":{"line":87,"column":12},"end":{"line":87,"column":43}},{"start":{"line":87,"column":47},"end":{"line":87,"column":72}}],"line":87},"10":{"loc":{"start":{"line":90,"column":12},"end":{"line":93,"column":13}},"type":"if","locations":[{"start":{"line":90,"column":12},"end":{"line":93,"column":13}},{"start":{},"end":{}}],"line":90},"11":{"loc":{"start":{"line":106,"column":4},"end":{"line":106,"column":57}},"type":"if","locations":[{"start":{"line":106,"column":4},"end":{"line":106,"column":57}},{"start":{},"end":{}}],"line":106},"12":{"loc":{"start":{"line":130,"column":4},"end":{"line":130,"column":52}},"type":"if","locations":[{"start":{"line":130,"column":4},"end":{"line":130,"column":52}},{"start":{},"end":{}}],"line":130},"13":{"loc":{"start":{"line":166,"column":4},"end":{"line":168,"column":5}},"type":"if","locations":[{"start":{"line":166,"column":4},"end":{"line":168,"column":5}},{"start":{},"end":{}}],"line":166},"14":{"loc":{"start":{"line":166,"column":8},"end":{"line":166,"column":38}},"type":"binary-expr","locations":[{"start":{"line":166,"column":8},"end":{"line":166,"column":15}},{"start":{"line":166,"column":19},"end":{"line":166,"column":38}}],"line":166},"15":{"loc":{"start":{"line":184,"column":4},"end":{"line":184,"column":22}},"type":"if","locations":[{"start":{"line":184,"column":4},"end":{"line":184,"column":22}},{"start":{},"end":{}}],"line":184},"16":{"loc":{"start":{"line":190,"column":8},"end":{"line":190,"column":67}},"type":"if","locations":[{"start":{"line":190,"column":8},"end":{"line":190,"column":67}},{"start":{},"end":{}}],"line":190},"17":{"loc":{"start":{"line":198,"column":12},"end":{"line":201,"column":13}},"type":"if","locations":[{"start":{"line":198,"column":12},"end":{"line":201,"column":13}},{"start":{},"end":{}}],"line":198},"18":{"loc":{"start":{"line":200,"column":32},"end":{"line":200,"column":68}},"type":"binary-expr","locations":[{"start":{"line":200,"column":32},"end":{"line":200,"column":45}},{"start":{"line":200,"column":49},"end":{"line":200,"column":68}}],"line":200},"19":{"loc":{"start":{"line":204,"column":12},"end":{"line":204,"column":87}},"type":"if","locations":[{"start":{"line":204,"column":12},"end":{"line":204,"column":87}},{"start":{},"end":{}}],"line":204},"20":{"loc":{"start":{"line":212,"column":12},"end":{"line":212,"column":85}},"type":"if","locations":[{"start":{"line":212,"column":12},"end":{"line":212,"column":85}},{"start":{},"end":{}}],"line":212},"21":{"loc":{"start":{"line":215,"column":12},"end":{"line":218,"column":13}},"type":"if","locations":[{"start":{"line":215,"column":12},"end":{"line":218,"column":13}},{"start":{},"end":{}}],"line":215}},"s":{"0":14,"1":1,"2":14,"3":2,"4":2,"5":2,"6":2,"7":2,"8":1,"9":1,"10":1,"11":1,"12":1,"13":4,"14":4,"15":3,"16":1,"17":2,"18":1,"19":1,"20":1,"21":1,"22":3,"23":3,"24":3,"25":3,"26":5,"27":5,"28":5,"29":0,"30":5,"31":0,"32":5,"33":1,"34":5,"35":2,"36":2,"37":1,"38":1,"39":1,"40":1,"41":5,"42":5,"43":5,"44":5,"45":5,"46":5,"47":5,"48":5,"49":5,"50":5,"51":9,"52":2,"53":7,"54":8,"55":8,"56":8,"57":0,"58":8,"59":3,"60":3,"61":3,"62":3,"63":3,"64":3,"65":2,"66":1,"67":1,"68":1,"69":1,"70":1,"71":1,"72":1,"73":1,"74":1,"75":1,"76":1,"77":2,"78":2,"79":2},"f":{"0":14,"1":2,"2":4,"3":5,"4":0,"5":0,"6":1,"7":2,"8":5,"9":5,"10":9,"11":8,"12":8,"13":3},"b":{"0":[1,13],"1":[1,0],"2":[1,1],"3":[1,0],"4":[1,2],"5":[1,1],"6":[3,0],"7":[0,5],"8":[1,1],"9":[2,2],"10":[1,0],"11":[5,0],"12":[5,0],"13":[2,7],"14":[9,8],"15":[0,8],"16":[3,0],"17":[1,1],"18":[1,0],"19":[1,0],"20":[1,0],"21":[2,0]},"_coverageSchema":"1a1c01bbd47fc00a2c39e90264f33305004495a9","hash":"0395152281e8d20d397d499702f38be21260f10b"}
}
