TN:
SF:src\main\resources\public\js\item-detail-app.js
FN:12,formatCurrency
FN:28,init
FN:48,loadItemData
FN:78,connectWebSocket
FN:82,(anonymous_4)
FN:83,(anonymous_5)
FN:84,(anonymous_6)
FN:90,(anonymous_7)
FN:115,renderPage
FN:153,renderOfferForm
FN:181,renderOfferList
FN:186,(anonymous_11)
FN:204,attachFormListener
FN:208,(anonymous_13)
FNF:14
FNH:12
FNDA:14,formatCurrency
FNDA:2,init
FNDA:4,loadItemData
FNDA:5,connectWebSocket
FNDA:0,(anonymous_4)
FNDA:0,(anonymous_5)
FNDA:1,(anonymous_6)
FNDA:2,(anonymous_7)
FNDA:5,renderPage
FNDA:5,renderOfferForm
FNDA:9,renderOfferList
FNDA:8,(anonymous_11)
FNDA:8,attachFormListener
FNDA:3,(anonymous_13)
DA:13,14
DA:14,1
DA:16,14
DA:29,2
DA:31,2
DA:32,2
DA:33,2
DA:35,2
DA:36,1
DA:37,1
DA:40,1
DA:41,1
DA:49,4
DA:50,4
DA:55,3
DA:56,1
DA:58,2
DA:59,1
DA:62,1
DA:63,1
DA:65,1
DA:68,3
DA:69,3
DA:70,3
DA:79,5
DA:80,5
DA:82,5
DA:83,5
DA:84,5
DA:90,5
DA:91,2
DA:94,2
DA:95,1
DA:97,1
DA:98,1
DA:100,1
DA:104,5
DA:116,5
DA:117,5
DA:119,5
DA:121,5
DA:143,5
DA:146,5
DA:154,5
DA:182,9
DA:183,2
DA:186,8
DA:205,8
DA:206,8
DA:208,8
DA:209,3
DA:211,3
DA:212,3
DA:214,3
DA:216,3
DA:222,2
DA:223,1
DA:224,1
DA:228,1
DA:229,1
DA:230,1
DA:233,1
DA:234,1
DA:236,1
DA:237,1
DA:241,2
DA:242,2
DA:243,2
LF:68
LH:68
BRDA:13,0,0,1
BRDA:13,0,1,13
BRDA:14,1,0,1
BRDA:14,1,1,0
BRDA:35,2,0,1
BRDA:35,2,1,1
BRDA:36,3,0,1
BRDA:36,3,1,0
BRDA:55,4,0,1
BRDA:55,4,1,2
BRDA:58,5,0,1
BRDA:58,5,1,1
BRDA:70,6,0,3
BRDA:70,6,1,0
BRDA:79,7,0,0
BRDA:79,7,1,5
BRDA:94,8,0,1
BRDA:94,8,1,1
BRDA:94,9,0,2
BRDA:94,9,1,2
BRDA:98,10,0,1
BRDA:98,10,1,0
BRDA:119,11,0,5
BRDA:119,11,1,0
BRDA:143,12,0,5
BRDA:143,12,1,0
BRDA:182,13,0,2
BRDA:182,13,1,7
BRDA:182,14,0,9
BRDA:182,14,1,8
BRDA:206,15,0,0
BRDA:206,15,1,8
BRDA:212,16,0,3
BRDA:212,16,1,0
BRDA:222,17,0,1
BRDA:222,17,1,1
BRDA:224,18,0,1
BRDA:224,18,1,0
BRDA:229,19,0,1
BRDA:229,19,1,0
BRDA:237,20,0,1
BRDA:237,20,1,0
BRDA:241,21,0,2
BRDA:241,21,1,0
BRF:44
BRH:31
end_of_record
