TN:
SF:src\main\resources\public\js\item-detail-app.js
FN:12,formatCurrency
FN:27,init
FN:46,loadItemData
FN:76,connectWebSocket
FN:80,(anonymous_4)
FN:81,(anonymous_5)
FN:82,(anonymous_6)
FN:84,(anonymous_7)
FN:102,renderPage
FN:137,renderOfferForm
FN:165,renderOfferList
FN:170,(anonymous_11)
FN:182,attachFormListener
FN:186,(anonymous_13)
FNF:14
FNH:12
FNDA:14,formatCurrency
FNDA:2,init
FNDA:4,loadItemData
FNDA:5,connectWebSocket
FNDA:0,(anonymous_4)
FNDA:0,(anonymous_5)
FNDA:1,(anonymous_6)
FNDA:2,(anonymous_7)
FNDA:5,renderPage
FNDA:5,renderOfferForm
FNDA:9,renderOfferList
FNDA:8,(anonymous_11)
FNDA:8,attachFormListener
FNDA:3,(anonymous_13)
DA:13,14
DA:14,1
DA:16,14
DA:28,2
DA:29,2
DA:30,2
DA:31,2
DA:33,2
DA:34,1
DA:35,1
DA:38,1
DA:39,1
DA:47,4
DA:48,4
DA:53,3
DA:54,1
DA:56,2
DA:57,1
DA:60,1
DA:61,1
DA:63,1
DA:66,3
DA:67,3
DA:68,3
DA:77,5
DA:78,5
DA:80,5
DA:81,5
DA:82,5
DA:84,5
DA:85,2
DA:87,2
DA:88,1
DA:89,1
DA:90,1
DA:92,1
DA:96,5
DA:103,5
DA:104,5
DA:106,5
DA:108,5
DA:130,5
DA:131,5
DA:139,5
DA:166,9
DA:167,2
DA:170,8
DA:183,8
DA:184,8
DA:186,8
DA:187,3
DA:189,3
DA:190,3
DA:192,3
DA:193,3
DA:198,2
DA:199,1
DA:200,1
DA:203,1
DA:204,1
DA:205,1
DA:208,1
DA:209,1
DA:211,1
DA:212,1
DA:215,2
DA:216,2
DA:217,2
LF:68
LH:68
BRDA:13,0,0,1
BRDA:13,0,1,13
BRDA:14,1,0,1
BRDA:14,1,1,0
BRDA:33,2,0,1
BRDA:33,2,1,1
BRDA:34,3,0,1
BRDA:34,3,1,0
BRDA:53,4,0,1
BRDA:53,4,1,2
BRDA:56,5,0,1
BRDA:56,5,1,1
BRDA:68,6,0,3
BRDA:68,6,1,0
BRDA:77,7,0,0
BRDA:77,7,1,5
BRDA:87,8,0,1
BRDA:87,8,1,1
BRDA:87,9,0,2
BRDA:87,9,1,2
BRDA:90,10,0,1
BRDA:90,10,1,0
BRDA:106,11,0,5
BRDA:106,11,1,0
BRDA:130,12,0,5
BRDA:130,12,1,0
BRDA:166,13,0,2
BRDA:166,13,1,7
BRDA:166,14,0,9
BRDA:166,14,1,8
BRDA:184,15,0,0
BRDA:184,15,1,8
BRDA:190,16,0,3
BRDA:190,16,1,0
BRDA:198,17,0,1
BRDA:198,17,1,1
BRDA:200,18,0,1
BRDA:200,18,1,0
BRDA:204,19,0,1
BRDA:204,19,1,0
BRDA:212,20,0,1
BRDA:212,20,1,0
BRDA:215,21,0,2
BRDA:215,21,1,0
BRF:44
BRH:31
end_of_record
